<?xml version="1.0" encoding="UTF-8" standalone="yes"?>
<testsuites time="72.236" tests="2" failures="1" errors="1">
    <testsuite name="GraphWalker" tests="2" failures="1" errors="1" time="72.236" timestamp="2018-06-27T18:33:31">
        <properties>
            <property name="awt.toolkit" value="sun.awt.windows.WToolkit"/>
            <property name="classworlds.conf" value="C:\Users\smurtagh\Downloads\apache-maven-3.5.4\bin\..\bin\m2.conf"/>
            <property name="env.=C:" value="C:\Users\smurtagh\Desktop\Hackathon\Git\MBT_Hackathon\java-fenergo"/>
            <property name="env.=EXITCODE" value="00000001"/>
            <property name="env.ALLUSERSPROFILE" value="C:\ProgramData"/>
            <property name="env.APPDATA" value="C:\Users\smurtagh\AppData\Roaming"/>
            <property name="env.ASL.LOG" value="Destination=file"/>
            <property name="env.CLASSWORLDS_JAR" value="&quot;C:\Users\smurtagh\Downloads\apache-maven-3.5.4\bin\..\boot\plexus-classworlds-2.5.2.jar&quot;"/>
            <property name="env.CLASSWORLDS_LAUNCHER" value="org.codehaus.plexus.classworlds.launcher.Launcher"/>
            <property name="env.COMMONPROGRAMFILES" value="C:\Program Files\Common Files"/>
            <property name="env.COMMONPROGRAMFILES(X86)" value="C:\Program Files (x86)\Common Files"/>
            <property name="env.COMMONPROGRAMW6432" value="C:\Program Files\Common Files"/>
            <property name="env.COMPUTERNAME" value="FEN-LAP-180"/>
            <property name="env.COMSPEC" value="C:\WINDOWS\system32\cmd.exe"/>
            <property name="env.ERROR_CODE" value="0"/>
            <property name="env.ES_JAVA_OPTS" value="-Duser.timezone=UTC -Dfile.encoding=UTF8"/>
            <property name="env.EXEC_DIR" value="C:\Users\smurtagh\Desktop\Hackathon\Git\MBT_Hackathon\java-fenergo"/>
            <property name="env.FMB_HOME" value="C:\Users\smurtagh\Desktop\FDIM\FenergoMessageBroker\core\fmb_home"/>
            <property name="env.FPS_BROWSER_APP_PROFILE_STRING" value="Internet Explorer"/>
            <property name="env.FPS_BROWSER_USER_PROFILE_STRING" value="Default"/>
            <property name="env.FP_NO_HOST_CHECK" value="NO"/>
            <property name="env.FSHARPINSTALLDIR" value="C:\Program Files (x86)\Microsoft SDKs\F#\4.1\Framework\v4.0\"/>
            <property name="env.GROOVY_HOME" value="C:\Groovy\groovy-2.4.12"/>
            <property name="env.HOMEDRIVE" value="C:"/>
            <property name="env.HOMEPATH" value="\Users\smurtagh"/>
            <property name="env.JAVACMD" value="C:\Program Files\Java\jdk1.8.0_144\bin\java.exe"/>
            <property name="env.JAVA_HOME" value="C:\Program Files\Java\jdk1.8.0_144"/>
            <property name="env.JRE_HOME" value="C:\Program Files\Java\jre1.8.0_151"/>
            <property name="env.JVMCONFIG" value="\.mvn\jvm.config"/>
            <property name="env.LOCALAPPDATA" value="C:\Users\smurtagh\AppData\Local"/>
            <property name="env.LOGONSERVER" value="\\FEN-DC04"/>
            <property name="env.MAVEN_CMD_LINE_ARGS" value="graphwalker:test"/>
            <property name="env.MAVEN_HOME" value="C:\Users\smurtagh\Downloads\apache-maven-3.5.4\bin\.."/>
            <property name="env.MAVEN_PROJECTBASEDIR" value="C:\Users\smurtagh\Desktop\Hackathon\Git\MBT_Hackathon\java-fenergo"/>
            <property name="env.MSMPI_BIN" value="C:\Program Files\Microsoft MPI\Bin\"/>
            <property name="env.NUMBER_OF_PROCESSORS" value="4"/>
            <property name="env.ONEDRIVE" value="C:\Users\smurtagh\OneDrive"/>
            <property name="env.OS" value="Windows_NT"/>
            <property name="env.PATH" value="C:\Program Files (x86)\Common Files\Oracle\Java\javapath;C:\Program Files\Docker\Docker\Resources\bin;C:\app\SMurtagh\virtual\product\12.2.0\dbhome_1\bin;C:\Program Files\Microsoft MPI\Bin\;c:\Program Files (x86)\TRICENTIS\Tosca Testsuite;c:\Tosca_Projects;c:\Program Files (x86)\TRICENTIS\Tosca Testsuite\dll;c:\Program Files (x86)\TRICENTIS\Tosca Testsuite\dll\GuptaEngine;c:\Program Files (x86)\TRICENTIS\Tosca Testsuite\;c:\Program Files (x86)\TRICENTIS\Tosca Testsuite\dll\DelphiEngine;c:\Program Files (x86)\TRICENTIS\Tosca Testsuite\dll\PBEngine;c:\Program Files (x86)\TRICENTIS\Tosca Testsuite\dll\VBEngine;c:\Program Files (x86)\TRICENTIS\Tosca Testsuite\dll\DotNetHooking;;c:\Program Files (x86)\TRICENTIS\Tosca Testsuite\Resources\Mobile\Tools;C:\app\SMurtagh\product\11.2.0\client_1;C:\ProgramData\Oracle\Java\javapath;C:\Program Files (x86)\Intel\iCLS Client\;C:\Program Files\Intel\iCLS Client\;C:\WINDOWS\system32;C:\WINDOWS;C:\WINDOWS\System32\Wbem;C:\WINDOWS\System32\WindowsPowerShell\v1.0\;C:\Program Files\Intel\WiFi\bin\;C:\Program Files\Common Files\Intel\WirelessCommon\;C:\Program Files (x86)\Microsoft ASP.NET\ASP.NET Web Pages\v1.0\;C:\Program Files (x86)\Windows Kits\8.0\Windows Performance Toolkit\;C:\Program Files\Microsoft SQL Server\110\Tools\Binn\;C:\Program Files\Microsoft SQL Server\110\DTS\Binn\;C:\Program Files (x86)\Microsoft SQL Server\110\Tools\Binn\;C:\Program Files (x86)\Microsoft SQL Server\110\Tools\Binn\ManagementStudio\;C:\Program Files (x86)\Microsoft Visual Studio 10.0\Common7\IDE\PrivateAssemblies\;C:\Program Files (x86)\Microsoft SQL Server\110\DTS\Binn\;C:\Program Files (x86)\ATI Technologies\ATI.ACE\Core-Static;C:\Program Files (x86)\Intel\Intel(R) Management Engine Components\DAL;C:\Program Files\Intel\Intel(R) Management Engine Components\DAL;C:\Program Files (x86)\Intel\Intel(R) Management Engine Components\IPT;C:\Program Files\Intel\Intel(R) Management Engine Components\IPT;C:\Program Files\Microsoft\Web Platform Installer\;C:\Program Files\dotnet\;C:\Program Files\Microsoft SQL Server\130\Tools\Binn\;C:\Program Files (x86)\Microsoft SQL Server\Client SDK\ODBC\130\Tools\Binn\;C:\Program Files (x86)\Microsoft SQL Server\140\Tools\Binn\;C:\Program Files (x86)\Microsoft SQL Server\140\DTS\Binn\;C:\Program Files (x86)\Microsoft SQL Server\140\Tools\Binn\ManagementStudio\;C:\Program Files\Microsoft SQL Server\Client SDK\ODBC\130\Tools\Binn\;C:\Program Files\Microsoft SQL Server\140\Tools\Binn\;C:\Program Files\Microsoft SQL Server\140\DTS\Binn\;C:\Program Files\Git\cmd;C:\Program Files\nodejs\;C:\Program Files (x86)\Sophos\Sophos SSL VPN Client\bin;C:\Python27\;C:\Python27\Scripts;C:\phantomjs\bin;C:\Users\smurtagh\AppData\Local\Microsoft\WindowsApps;C:\Users\smurtagh\Desktop\Selenium_Scripts;C:\Program Files\Java\jre1.8.0_131\bin;C:\oracle\instantclient_12_2;C:\Program Files\Microsoft VS Code\bin;C:\JavaModules;C:\Groovy\groovy-2.4.12\bin;C:\Users\smurtagh\AppData\Local\Continuum\anaconda2;C:\Users\smurtagh\AppData\Local\Continuum\anaconda2\Scripts;C:\HoverFly;C:\Users\smurtagh\AppData\Roaming\npm\node_modules\newman\bin;C:\Users\smurtagh\Downloads\apache-maven-3.5.4\bin;C:\Users\smurtagh\AppData\Roaming\npm"/>
            <property name="env.PATHEXT" value=".COM;.EXE;.BAT;.CMD;.VBS;.VBE;.JS;.JSE;.WSF;.WSH;.MSC"/>
            <property name="env.PROCESSOR_ARCHITECTURE" value="AMD64"/>
            <property name="env.PROCESSOR_IDENTIFIER" value="Intel64 Family 6 Model 69 Stepping 1, GenuineIntel"/>
            <property name="env.PROCESSOR_LEVEL" value="6"/>
            <property name="env.PROCESSOR_REVISION" value="4501"/>
            <property name="env.PROGRAMDATA" value="C:\ProgramData"/>
            <property name="env.PROGRAMFILES" value="C:\Program Files"/>
            <property name="env.PROGRAMFILES(X86)" value="C:\Program Files (x86)"/>
            <property name="env.PROGRAMW6432" value="C:\Program Files"/>
            <property name="env.PROMPT" value="$P$G"/>
            <property name="env.PSMODULEPATH" value="C:\WINDOWS\system32\WindowsPowerShell\v1.0\Modules\;C:\Program Files (x86)\Microsoft SQL Server\110\Tools\PowerShell\Modules\;C:\Program Files (x86)\AutoIt3\AutoItX;C:\Program Files (x86)\AutoIt3\Beta\AutoItX;C:\Program Files\WindowsPowerShell\Modules\;C:\Program Files (x86)\Microsoft SDKs\Azure\PowerShell\ResourceManager\AzureResourceManager\;C:\Program Files (x86)\Microsoft SDKs\Azure\PowerShell\ServiceManagement\;C:\Program Files (x86)\Microsoft SDKs\Azure\PowerShell\Storage\;C:\Program Files (x86)\Microsoft SQL Server\140\Tools\PowerShell\Modules\"/>
            <property name="env.PUBLIC" value="C:\Users\Public"/>
            <property name="env.SCITE_USERHOME" value="C:\Users\smurtagh\AppData\Local\AutoIt v3\SciTE"/>
            <property name="env.SESSIONNAME" value="Console"/>
            <property name="env.SYSTEMDRIVE" value="C:"/>
            <property name="env.SYSTEMROOT" value="C:\WINDOWS"/>
            <property name="env.TEMP" value="C:\Users\smurtagh\AppData\Local\Temp"/>
            <property name="env.TESSDATA_PREFIX" value="c:\Program Files (x86)\TRICENTIS\Tosca Testsuite\ocr"/>
            <property name="env.TMP" value="C:\Users\smurtagh\AppData\Local\Temp"/>
            <property name="env.TNS_ADMIN" value="C:\Users\smurtagh\Documents"/>
            <property name="env.TRICENTIS_ALLUSERS_APPDATA" value="c:\ProgramData\TRICENTIS\TOSCA Testsuite\7.0.0"/>
            <property name="env.TRICENTIS_HOME" value="c:\Program Files (x86)\TRICENTIS\Tosca Testsuite"/>
            <property name="env.TRICENTIS_PROJECTS" value="c:\Tosca_Projects"/>
            <property name="env.TRICENTIS_SEARCH" value="c:\Program Files (x86)\TRICENTIS\Tosca Testsuite\dll;c:\Program Files (x86)\TRICENTIS\Tosca Testsuite\dll\GuptaEngine;c:\Program Files (x86)\TRICENTIS\Tosca Testsuite\;c:\Program Files (x86)\TRICENTIS\Tosca Testsuite\dll\DelphiEngine;c:\Program Files (x86)\TRICENTIS\Tosca Testsuite\dll\PBEngine;c:\Program Files (x86)\TRICENTIS\Tosca Testsuite\dll\VBEngine;c:\Program Files (x86)\TRICENTIS\Tosca Testsuite\dll\DotNetHooking;"/>
            <property name="env.USERDNSDOMAIN" value="FENERGO.COM"/>
            <property name="env.USERDOMAIN" value="FENERGO"/>
            <property name="env.USERDOMAIN_ROAMINGPROFILE" value="FENERGO"/>
            <property name="env.USERNAME" value="SMurtagh"/>
            <property name="env.USERPROFILE" value="C:\Users\smurtagh"/>
            <property name="env.VS110COMNTOOLS" value="C:\Program Files (x86)\Microsoft Visual Studio 11.0\Common7\Tools\"/>
            <property name="env.WDIR" value="C:\"/>
            <property name="env.WINDIR" value="C:\WINDOWS"/>
            <property name="file.encoding" value="Cp1252"/>
            <property name="file.encoding.pkg" value="sun.io"/>
            <property name="file.separator" value="\"/>
            <property name="java.awt.graphicsenv" value="sun.awt.Win32GraphicsEnvironment"/>
            <property name="java.awt.printerjob" value="sun.awt.windows.WPrinterJob"/>
            <property name="java.class.path" value="C:\Users\smurtagh\Downloads\apache-maven-3.5.4\bin\..\boot\plexus-classworlds-2.5.2.jar"/>
            <property name="java.class.version" value="52.0"/>
            <property name="java.endorsed.dirs" value="C:\Program Files\Java\jdk1.8.0_144\jre\lib\endorsed"/>
            <property name="java.ext.dirs" value="C:\Program Files\Java\jdk1.8.0_144\jre\lib\ext;C:\WINDOWS\Sun\Java\lib\ext"/>
            <property name="java.home" value="C:\Program Files\Java\jdk1.8.0_144\jre"/>
            <property name="java.io.tmpdir" value="C:\Users\smurtagh\AppData\Local\Temp\"/>
            <property name="java.library.path" value="C:\Program Files\Java\jdk1.8.0_144\bin;C:\WINDOWS\Sun\Java\bin;C:\WINDOWS\system32;C:\WINDOWS;C:\Program Files (x86)\Common Files\Oracle\Java\javapath;C:\Program Files\Docker\Docker\Resources\bin;C:\app\SMurtagh\virtual\product\12.2.0\dbhome_1\bin;C:\Program Files\Microsoft MPI\Bin\;c:\Program Files (x86)\TRICENTIS\Tosca Testsuite;c:\Tosca_Projects;c:\Program Files (x86)\TRICENTIS\Tosca Testsuite\dll;c:\Program Files (x86)\TRICENTIS\Tosca Testsuite\dll\GuptaEngine;c:\Program Files (x86)\TRICENTIS\Tosca Testsuite\;c:\Program Files (x86)\TRICENTIS\Tosca Testsuite\dll\DelphiEngine;c:\Program Files (x86)\TRICENTIS\Tosca Testsuite\dll\PBEngine;c:\Program Files (x86)\TRICENTIS\Tosca Testsuite\dll\VBEngine;c:\Program Files (x86)\TRICENTIS\Tosca Testsuite\dll\DotNetHooking;;c:\Program Files (x86)\TRICENTIS\Tosca Testsuite\Resources\Mobile\Tools;C:\app\SMurtagh\product\11.2.0\client_1;C:\ProgramData\Oracle\Java\javapath;C:\Program Files (x86)\Intel\iCLS Client\;C:\Program Files\Intel\iCLS Client\;C:\WINDOWS\system32;C:\WINDOWS;C:\WINDOWS\System32\Wbem;C:\WINDOWS\System32\WindowsPowerShell\v1.0\;C:\Program Files\Intel\WiFi\bin\;C:\Program Files\Common Files\Intel\WirelessCommon\;C:\Program Files (x86)\Microsoft ASP.NET\ASP.NET Web Pages\v1.0\;C:\Program Files (x86)\Windows Kits\8.0\Windows Performance Toolkit\;C:\Program Files\Microsoft SQL Server\110\Tools\Binn\;C:\Program Files\Microsoft SQL Server\110\DTS\Binn\;C:\Program Files (x86)\Microsoft SQL Server\110\Tools\Binn\;C:\Program Files (x86)\Microsoft SQL Server\110\Tools\Binn\ManagementStudio\;C:\Program Files (x86)\Microsoft Visual Studio 10.0\Common7\IDE\PrivateAssemblies\;C:\Program Files (x86)\Microsoft SQL Server\110\DTS\Binn\;C:\Program Files (x86)\ATI Technologies\ATI.ACE\Core-Static;C:\Program Files (x86)\Intel\Intel(R) Management Engine Components\DAL;C:\Program Files\Intel\Intel(R) Management Engine Components\DAL;C:\Program Files (x86)\Intel\Intel(R) Management Engine Components\IPT;C:\Program Files\Intel\Intel(R) Management Engine Components\IPT;C:\Program Files\Microsoft\Web Platform Installer\;C:\Program Files\dotnet\;C:\Program Files\Microsoft SQL Server\130\Tools\Binn\;C:\Program Files (x86)\Microsoft SQL Server\Client SDK\ODBC\130\Tools\Binn\;C:\Program Files (x86)\Microsoft SQL Server\140\Tools\Binn\;C:\Program Files (x86)\Microsoft SQL Server\140\DTS\Binn\;C:\Program Files (x86)\Microsoft SQL Server\140\Tools\Binn\ManagementStudio\;C:\Program Files\Microsoft SQL Server\Client SDK\ODBC\130\Tools\Binn\;C:\Program Files\Microsoft SQL Server\140\Tools\Binn\;C:\Program Files\Microsoft SQL Server\140\DTS\Binn\;C:\Program Files\Git\cmd;C:\Program Files\nodejs\;C:\Program Files (x86)\Sophos\Sophos SSL VPN Client\bin;C:\Python27\;C:\Python27\Scripts;C:\phantomjs\bin;C:\Users\smurtagh\AppData\Local\Microsoft\WindowsApps;C:\Users\smurtagh\Desktop\Selenium_Scripts;C:\Program Files\Java\jre1.8.0_131\bin;C:\oracle\instantclient_12_2;C:\Program Files\Microsoft VS Code\bin;C:\JavaModules;C:\Groovy\groovy-2.4.12\bin;C:\Users\smurtagh\AppData\Local\Continuum\anaconda2;C:\Users\smurtagh\AppData\Local\Continuum\anaconda2\Scripts;C:\HoverFly;C:\Users\smurtagh\AppData\Roaming\npm\node_modules\newman\bin;C:\Users\smurtagh\Downloads\apache-maven-3.5.4\bin;C:\Users\smurtagh\AppData\Roaming\npm;."/>
            <property name="java.runtime.name" value="Java(TM) SE Runtime Environment"/>
            <property name="java.runtime.version" value="1.8.0_144-b01"/>
            <property name="java.specification.name" value="Java Platform API Specification"/>
            <property name="java.specification.vendor" value="Oracle Corporation"/>
            <property name="java.specification.version" value="1.8"/>
            <property name="java.vendor" value="Oracle Corporation"/>
            <property name="java.vendor.url" value="http://java.oracle.com/"/>
            <property name="java.vendor.url.bug" value="http://bugreport.sun.com/bugreport/"/>
            <property name="java.version" value="1.8.0_144"/>
            <property name="java.vm.info" value="mixed mode"/>
            <property name="java.vm.name" value="Java HotSpot(TM) 64-Bit Server VM"/>
            <property name="java.vm.specification.name" value="Java Virtual Machine Specification"/>
            <property name="java.vm.specification.vendor" value="Oracle Corporation"/>
            <property name="java.vm.specification.version" value="1.8"/>
            <property name="java.vm.vendor" value="Oracle Corporation"/>
            <property name="java.vm.version" value="25.144-b01"/>
            <property name="library.jansi.path" value="C:\Users\smurtagh\Downloads\apache-maven-3.5.4\bin\..\lib\jansi-native"/>
            <property name="line.separator" value="&#xD;&#xA;"/>
            <property name="maven.build.version" value="Apache Maven 3.5.4 (1edded0938998edf8bf061f1ceb3cfdeccf443fe; 2018-06-17T19:33:14+01:00)"/>
            <property name="maven.conf" value="C:\Users\smurtagh\Downloads\apache-maven-3.5.4\bin\../conf"/>
            <property name="maven.home" value="C:\Users\smurtagh\Downloads\apache-maven-3.5.4\bin\.."/>
            <property name="maven.multiModuleProjectDirectory" value="C:\Users\smurtagh\Desktop\Hackathon\Git\MBT_Hackathon\java-fenergo"/>
            <property name="maven.version" value="3.5.4"/>
            <property name="os.arch" value="amd64"/>
            <property name="os.name" value="Windows 10"/>
            <property name="os.version" value="10.0"/>
            <property name="path.separator" value=";"/>
            <property name="sun.arch.data.model" value="64"/>
            <property name="sun.boot.class.path" value="C:\Program Files\Java\jdk1.8.0_144\jre\lib\resources.jar;C:\Program Files\Java\jdk1.8.0_144\jre\lib\rt.jar;C:\Program Files\Java\jdk1.8.0_144\jre\lib\sunrsasign.jar;C:\Program Files\Java\jdk1.8.0_144\jre\lib\jsse.jar;C:\Program Files\Java\jdk1.8.0_144\jre\lib\jce.jar;C:\Program Files\Java\jdk1.8.0_144\jre\lib\charsets.jar;C:\Program Files\Java\jdk1.8.0_144\jre\lib\jfr.jar;C:\Program Files\Java\jdk1.8.0_144\jre\classes"/>
            <property name="sun.boot.library.path" value="C:\Program Files\Java\jdk1.8.0_144\jre\bin"/>
            <property name="sun.cpu.endian" value="little"/>
            <property name="sun.cpu.isalist" value="amd64"/>
            <property name="sun.desktop" value="windows"/>
            <property name="sun.io.unicode.encoding" value="UnicodeLittle"/>
            <property name="sun.java.command" value="org.codehaus.plexus.classworlds.launcher.Launcher graphwalker:test"/>
            <property name="sun.java.launcher" value="SUN_STANDARD"/>
            <property name="sun.jnu.encoding" value="Cp1252"/>
            <property name="sun.management.compiler" value="HotSpot 64-Bit Tiered Compilers"/>
            <property name="sun.os.patch.level" value=""/>
            <property name="sun.stderr.encoding" value="cp850"/>
            <property name="sun.stdout.encoding" value="cp850"/>
            <property name="user.country" value="IE"/>
            <property name="user.dir" value="C:\Users\smurtagh\Desktop\Hackathon\Git\MBT_Hackathon\java-fenergo"/>
            <property name="user.home" value="C:\Users\smurtagh"/>
            <property name="user.language" value="en"/>
            <property name="user.name" value="SMurtagh"/>
            <property name="user.script" value=""/>
            <property name="user.timezone" value=""/>
            <property name="user.variant" value=""/>
        </properties>
        <testcase name="Fenergo" time="36.118" classname="com.company.modelimplementations.Fenergo">
            <failure type="Not fulfilled" message="10"/>
        </testcase>
        <testcase name="EnterEntityDetails" time="36.118" classname="com.company.modelimplementations.EnterEntityDetails">
            <error type="org.openqa.selenium.InvalidElementStateException" message="invalid element state: Element is not currently interactable and may not be manipulated&#xA;  (Session info: chrome=67.0.3396.99)&#xA;  (Driver info: chromedriver=2.40.565498 (ea082db3280dd6843ebfb08a625e3eb905c4f5ab),platform=Windows NT 10.0.14393 x86_64) (WARNING: The server did not provide any stacktrace information)&#xA;Command duration or timeout: 0 milliseconds&#xA;Build info: version: '3.8.1', revision: '6e95a6684b', time: '2017-12-01T18:33:54.468Z'&#xA;System info: host: 'FEN-LAP-180', ip: '10.0.75.1', os.name: 'Windows 10', os.arch: 'amd64', os.version: '10.0', java.version: '1.8.0_144'&#xA;Driver info: org.openqa.selenium.chrome.ChromeDriver&#xA;Capabilities {acceptInsecureCerts: false, acceptSslCerts: false, applicationCacheEnabled: false, browserConnectionEnabled: false, browserName: chrome, chrome: {chromedriverVersion: 2.40.565498 (ea082db3280dd6..., userDataDir: C:\Users\smurtagh\AppData\L...}, cssSelectorsEnabled: true, databaseEnabled: false, handlesAlerts: true, hasTouchScreen: false, javascriptEnabled: true, locationContextEnabled: true, mobileEmulationEnabled: false, nativeEvents: true, networkConnectionEnabled: false, pageLoadStrategy: normal, platform: XP, platformName: XP, rotatable: false, setWindowRect: true, takesHeapSnapshot: true, takesScreenshot: true, unexpectedAlertBehaviour: , unhandledPromptBehavior: , version: 67.0.3396.99, webStorageEnabled: true}&#xA;Session ID: c7e0036e7ec19539ff982cfb3d083171">
                org.openqa.selenium.InvalidElementStateException: invalid element state: Element is not currently interactable and may not be manipulated
                  (Session info: chrome=67.0.3396.99)
                  (Driver info: chromedriver=2.40.565498 (ea082db3280dd6843ebfb08a625e3eb905c4f5ab),platform=Windows NT 10.0.14393 x86_64) (WARNING: The server did not provide any stacktrace information)
                Command duration or timeout: 0 milliseconds
                Build info: version: '3.8.1', revision: '6e95a6684b', time: '2017-12-01T18:33:54.468Z'
                System info: host: 'FEN-LAP-180', ip: '10.0.75.1', os.name: 'Windows 10', os.arch: 'amd64', os.version: '10.0', java.version: '1.8.0_144'
                Driver info: org.openqa.selenium.chrome.ChromeDriver
                Capabilities {acceptInsecureCerts: false, acceptSslCerts: false, applicationCacheEnabled: false, browserConnectionEnabled: false, browserName: chrome, chrome: {chromedriverVersion: 2.40.565498 (ea082db3280dd6..., userDataDir: C:\Users\smurtagh\AppData\L...}, cssSelectorsEnabled: true, databaseEnabled: false, handlesAlerts: true, hasTouchScreen: false, javascriptEnabled: true, locationContextEnabled: true, mobileEmulationEnabled: false, nativeEvents: true, networkConnectionEnabled: false, pageLoadStrategy: normal, platform: XP, platformName: XP, rotatable: false, setWindowRect: true, takesHeapSnapshot: true, takesScreenshot: true, unexpectedAlertBehaviour: , unhandledPromptBehavior: , version: 67.0.3396.99, webStorageEnabled: true}
                Session ID: c7e0036e7ec19539ff982cfb3d083171&#xD;
                	at sun.reflect.NativeConstructorAccessorImpl.newInstance0(Native Method)&#xD;
                	at sun.reflect.NativeConstructorAccessorImpl.newInstance(NativeConstructorAccessorImpl.java:62)&#xD;
                	at sun.reflect.DelegatingConstructorAccessorImpl.newInstance(DelegatingConstructorAccessorImpl.java:45)&#xD;
                	at java.lang.reflect.Constructor.newInstance(Constructor.java:423)&#xD;
                	at org.openqa.selenium.remote.ErrorHandler.createThrowable(ErrorHandler.java:214)&#xD;
                	at org.openqa.selenium.remote.ErrorHandler.throwIfResponseFailed(ErrorHandler.java:166)&#xD;
                	at org.openqa.selenium.remote.http.JsonHttpResponseCodec.reconstructValue(JsonHttpResponseCodec.java:40)&#xD;
                	at org.openqa.selenium.remote.http.AbstractHttpResponseCodec.decode(AbstractHttpResponseCodec.java:80)&#xD;
                	at org.openqa.selenium.remote.http.AbstractHttpResponseCodec.decode(AbstractHttpResponseCodec.java:44)&#xD;
                	at org.openqa.selenium.remote.HttpCommandExecutor.execute(HttpCommandExecutor.java:164)&#xD;
                	at org.openqa.selenium.remote.service.DriverCommandExecutor.execute(DriverCommandExecutor.java:83)&#xD;
                	at org.openqa.selenium.remote.RemoteWebDriver.execute(RemoteWebDriver.java:601)&#xD;
                	at org.openqa.selenium.remote.RemoteWebElement.execute(RemoteWebElement.java:279)&#xD;
                	at org.openqa.selenium.remote.RemoteWebElement.clear(RemoteWebElement.java:118)&#xD;
                	at com.company.modelimplementations.EnterEntityDetails.e_IncorrectData(EnterEntityDetails.java:73)&#xD;
                	at jdk.nashorn.internal.scripts.Script$Recompilation$31$259$\^eval\_.e_IncorrectData(&lt;eval&gt;:1)&#xD;
                	at jdk.nashorn.internal.scripts.Script$30$\^eval\_.:program(&lt;eval&gt;:1)&#xD;
                	at jdk.nashorn.internal.runtime.ScriptFunctionData.invoke(ScriptFunctionData.java:637)&#xD;
                	at jdk.nashorn.internal.runtime.ScriptFunction.invoke(ScriptFunction.java:494)&#xD;
                	at jdk.nashorn.internal.runtime.ScriptRuntime.apply(ScriptRuntime.java:393)&#xD;
                	at jdk.nashorn.api.scripting.NashornScriptEngine.evalImpl(NashornScriptEngine.java:449)&#xD;
                	at jdk.nashorn.api.scripting.NashornScriptEngine.evalImpl(NashornScriptEngine.java:406)&#xD;
                	at jdk.nashorn.api.scripting.NashornScriptEngine.evalImpl(NashornScriptEngine.java:402)&#xD;
                	at jdk.nashorn.api.scripting.NashornScriptEngine.eval(NashornScriptEngine.java:155)&#xD;
                	at javax.script.AbstractScriptEngine.eval(AbstractScriptEngine.java:264)&#xD;
                	at org.graphwalker.core.machine.ExecutionContext.execute(ExecutionContext.java:286)&#xD;
                	at org.graphwalker.core.machine.SimpleMachine.execute(SimpleMachine.java:281)&#xD;
                	at org.graphwalker.core.machine.SimpleMachine.execute(SimpleMachine.java:270)&#xD;
                	at org.graphwalker.core.machine.SimpleMachine.getNextStep(SimpleMachine.java:100)&#xD;
                	at org.graphwalker.java.test.TestExecutor.execute(TestExecutor.java:219)&#xD;
                	at sun.reflect.NativeMethodAccessorImpl.invoke0(Native Method)&#xD;
                	at sun.reflect.NativeMethodAccessorImpl.invoke(NativeMethodAccessorImpl.java:62)&#xD;
                	at sun.reflect.DelegatingMethodAccessorImpl.invoke(DelegatingMethodAccessorImpl.java:43)&#xD;
                	at java.lang.reflect.Method.invoke(Method.java:498)&#xD;
                	at org.graphwalker.java.test.Reflections.invoke(Reflections.java:73)&#xD;
                	at org.graphwalker.java.test.Reflector.execute(Reflector.java:123)&#xD;
                	at org.graphwalker.maven.plugin.TestMojo.execute(TestMojo.java:161)&#xD;
                	at org.apache.maven.plugin.DefaultBuildPluginManager.executeMojo(DefaultBuildPluginManager.java:137)&#xD;
                	at org.apache.maven.lifecycle.internal.MojoExecutor.execute(MojoExecutor.java:208)&#xD;
                	at org.apache.maven.lifecycle.internal.MojoExecutor.execute(MojoExecutor.java:154)&#xD;
                	at org.apache.maven.lifecycle.internal.MojoExecutor.execute(MojoExecutor.java:146)&#xD;
                	at org.apache.maven.lifecycle.internal.LifecycleModuleBuilder.buildProject(LifecycleModuleBuilder.java:117)&#xD;
                	at org.apache.maven.lifecycle.internal.LifecycleModuleBuilder.buildProject(LifecycleModuleBuilder.java:81)&#xD;
                	at org.apache.maven.lifecycle.internal.builder.singlethreaded.SingleThreadedBuilder.build(SingleThreadedBuilder.java:56)&#xD;
                	at org.apache.maven.lifecycle.internal.LifecycleStarter.execute(LifecycleStarter.java:128)&#xD;
                	at org.apache.maven.DefaultMaven.doExecute(DefaultMaven.java:305)&#xD;
                	at org.apache.maven.DefaultMaven.doExecute(DefaultMaven.java:192)&#xD;
                	at org.apache.maven.DefaultMaven.execute(DefaultMaven.java:105)&#xD;
                	at org.apache.maven.cli.MavenCli.execute(MavenCli.java:954)&#xD;
                	at org.apache.maven.cli.MavenCli.doMain(MavenCli.java:288)&#xD;
                	at org.apache.maven.cli.MavenCli.main(MavenCli.java:192)&#xD;
                	at sun.reflect.NativeMethodAccessorImpl.invoke0(Native Method)&#xD;
                	at sun.reflect.NativeMethodAccessorImpl.invoke(NativeMethodAccessorImpl.java:62)&#xD;
                	at sun.reflect.DelegatingMethodAccessorImpl.invoke(DelegatingMethodAccessorImpl.java:43)&#xD;
                	at java.lang.reflect.Method.invoke(Method.java:498)&#xD;
                	at org.codehaus.plexus.classworlds.launcher.Launcher.launchEnhanced(Launcher.java:289)&#xD;
                	at org.codehaus.plexus.classworlds.launcher.Launcher.launch(Launcher.java:229)&#xD;
                	at org.codehaus.plexus.classworlds.launcher.Launcher.mainWithExitCode(Launcher.java:415)&#xD;
                	at org.codehaus.plexus.classworlds.launcher.Launcher.main(Launcher.java:356)&#xD;
</error>
        </testcase>
    </testsuite>
</testsuites>
